<?xml version="1.0" encoding="UTF-8"?>
<coverage generated="1741474911832" clover="3.2.0">
  <project timestamp="1741474911832" name="All files">
    <metrics statements="14" coveredstatements="13" conditionals="4" coveredconditionals="2" methods="6" coveredmethods="5" elements="24" coveredelements="20" complexity="0" loc="14" ncloc="14" packages="2" files="2" classes="2"/>
    <package name="config">
      <metrics statements="10" coveredstatements="9" conditionals="0" coveredconditionals="0" methods="2" coveredmethods="1"/>
      <file name="database.js" path="/home/ivan/projetos_alura/allbooks-aula-01/src/config/database.js">
        <metrics statements="10" coveredstatements="9" conditionals="0" coveredconditionals="0" methods="2" coveredmethods="1"/>
        <line num="1" count="1" type="stmt"/>
        <line num="2" count="1" type="stmt"/>
        <line num="3" count="1" type="stmt"/>
        <line num="4" count="1" type="stmt"/>
        <line num="7" count="2" type="stmt"/>
        <line num="8" count="2" type="stmt"/>
        <line num="12" count="0" type="stmt"/>
        <line num="15" count="1" type="stmt"/>
        <line num="16" count="1" type="stmt"/>
        <line num="18" count="1" type="stmt"/>
      </file>
    </package>
    <package name="services">
      <metrics statements="4" coveredstatements="4" conditionals="4" coveredconditionals="2" methods="4" coveredmethods="4"/>
      <file name="userService.js" path="/home/ivan/projetos_alura/allbooks-aula-01/src/services/userService.js">
        <metrics statements="4" coveredstatements="4" conditionals="4" coveredconditionals="2" methods="4" coveredmethods="4"/>
        <line num="1" count="1" type="stmt"/>
        <line num="4" count="7" type="cond" truecount="2" falsecount="0"/>
        <line num="8" count="4" type="stmt"/>
        <line num="13" count="1" type="stmt"/>
      </file>
    </package>
  </project>
</coverage>
