{"/home/ivan/projetos_alura/allbooks-aula-01/src/config/database.js": {"path":"/home/ivan/projetos_alura/allbooks-aula-01/src/config/database.js","statementMap":{"0":{"start":{"line":1,"column":11},"end":{"line":1,"column":24}},"1":{"start":{"line":2,"column":13},"end":{"line":2,"column":28}},"2":{"start":{"line":3,"column":21},"end":{"line":3,"column":66}},"3":{"start":{"line":4,"column":18},"end":{"line":4,"column":60}},"4":{"start":{"line":7,"column":17},"end":{"line":7,"column":47}},"5":{"start":{"line":8,"column":4},"end":{"line":8,"column":39}},"6":{"start":{"line":12,"column":4},"end":{"line":12,"column":49}},"7":{"start":{"line":15,"column":13},"end":{"line":15,"column":39}},"8":{"start":{"line":16,"column":14},"end":{"line":16,"column":37}},"9":{"start":{"line":18,"column":0},"end":{"line":18,"column":65}}},"fnMap":{"0":{"name":"readJsonFile","decl":{"start":{"line":6,"column":9},"end":{"line":6,"column":21}},"loc":{"start":{"line":6,"column":28},"end":{"line":9,"column":1}},"line":6},"1":{"name":"writeJsonFile","decl":{"start":{"line":11,"column":9},"end":{"line":11,"column":22}},"loc":{"start":{"line":11,"column":35},"end":{"line":13,"column":1}},"line":11}},"branchMap":{},"s":{"0":1,"1":1,"2":1,"3":1,"4":2,"5":2,"6":0,"7":1,"8":1,"9":1},"f":{"0":2,"1":0},"b":{},"_coverageSchema":"1a1c01bbd47fc00a2c39e90264f33305004495a9","hash":"1f518f1614dd9fdd4d559ead952e5c0b47939832"}
,"/home/ivan/projetos_alura/allbooks-aula-01/src/services/userService.js": {"path":"/home/ivan/projetos_alura/allbooks-aula-01/src/services/userService.js","statementMap":{"0":{"start":{"line":1,"column":19},"end":{"line":1,"column":48}},"1":{"start":{"line":4,"column":4},"end":{"line":4,"column":115}},"2":{"start":{"line":4,"column":47},"end":{"line":4,"column":107}},"3":{"start":{"line":8,"column":4},"end":{"line":8,"column":75}},"4":{"start":{"line":8,"column":47},"end":{"line":8,"column":67}},"5":{"start":{"line":13,"column":0},"end":{"line":13,"column":47}}},"fnMap":{"0":{"name":"usuarioExiste","decl":{"start":{"line":3,"column":9},"end":{"line":3,"column":22}},"loc":{"start":{"line":3,"column":56},"end":{"line":5,"column":1}},"line":3},"1":{"name":"(anonymous_1)","decl":{"start":{"line":4,"column":39},"end":{"line":4,"column":40}},"loc":{"start":{"line":4,"column":47},"end":{"line":4,"column":107}},"line":4},"2":{"name":"emailExiste","decl":{"start":{"line":7,"column":9},"end":{"line":7,"column":20}},"loc":{"start":{"line":7,"column":47},"end":{"line":9,"column":1}},"line":7},"3":{"name":"(anonymous_3)","decl":{"start":{"line":8,"column":39},"end":{"line":8,"column":40}},"loc":{"start":{"line":8,"column":47},"end":{"line":8,"column":67}},"line":8}},"branchMap":{"0":{"loc":{"start":{"line":3,"column":37},"end":{"line":3,"column":54}},"type":"default-arg","locations":[{"start":{"line":3,"column":48},"end":{"line":3,"column":54}}],"line":3},"1":{"loc":{"start":{"line":4,"column":47},"end":{"line":4,"column":107}},"type":"binary-expr","locations":[{"start":{"line":4,"column":47},"end":{"line":4,"column":67}},{"start":{"line":4,"column":71},"end":{"line":4,"column":107}}],"line":4},"2":{"loc":{"start":{"line":7,"column":28},"end":{"line":7,"column":45}},"type":"default-arg","locations":[{"start":{"line":7,"column":39},"end":{"line":7,"column":45}}],"line":7}},"s":{"0":1,"1":7,"2":7,"3":4,"4":4,"5":1},"f":{"0":7,"1":7,"2":4,"3":4},"b":{"0":[0],"1":[7,5],"2":[0]},"_coverageSchema":"1a1c01bbd47fc00a2c39e90264f33305004495a9","hash":"3cf012dc9bd710ad70f58c09e28015d71aba7e69"}
}
