TN:
SF:src/config/database.js
FN:6,readJsonFile
FN:11,writeJsonFile
FNF:2
FNH:1
FNDA:2,readJsonFile
FNDA:0,writeJsonFile
DA:1,1
DA:2,1
DA:3,1
DA:4,1
DA:7,2
DA:8,2
DA:12,0
DA:15,1
DA:16,1
DA:18,1
LF:10
LH:9
BRF:0
BRH:0
end_of_record
TN:
SF:src/services/userService.js
FN:3,usuarioExiste
FN:4,(anonymous_1)
FN:7,emailExiste
FN:8,(anonymous_3)
FNF:4
FNH:4
FNDA:7,usuarioExiste
FNDA:7,(anonymous_1)
FNDA:4,emailExiste
FNDA:4,(anonymous_3)
DA:1,1
DA:4,7
DA:8,4
DA:13,1
LF:4
LH:4
BRDA:3,0,0,0
BRDA:4,1,0,7
BRDA:4,1,1,5
BRDA:7,2,0,0
BRF:4
BRH:2
end_of_record
